[CSE]	Construction Set Extender "Logical Half Nelson" v8.1.11.411 Initializing...
[CSE]		Checking Versions and Dependencies
[CSE]		Initializing OBSE Interfaces
[CSE]		Initializing Component DLLs
[CSE]		Initializing Hooks
[CSE]		Initializing Events
[CSE]		Initializing Serialization
[CSE]		Initializing UI Manager
[CSE]		Registering OBSE Plugin Message Handlers
[CSE]		Initializing Plugin Interface Manager
[CSE]		Initializing Render Window Manager
[CSE]		Initializing Component DLL Interfaces
[CSE]		Initializing Console
[CSE]		Initializing Auxiliary Viewport
[CSE]		Initializing CSInterop Manager
[CSE]		Initializing Achievements
[CSE]			Unlocked Achievements: 2/27
[CSE]				The Wise One
[CSE]				Lazy Bum

[CSE]			Precious time wasted on the CS: 0.9 hours
[CSE]		Initializing Hall of Fame
[CSE]		Initializing ScriptEditor
[SE]			Initializing IntelliSense
[SE]				Loaded 0 Code Snippet(s)
[SE]				Parsed 1912 Commands
[SE]				Parsed 2299 Game Settings
[CSE]				Bound 0 developer URLs
[CSE]		Initializing Coda "Virtual Machine"
[CSE]			Coda Script Backgrounder:
[CSE]		Initializing Toolbox
[CSE]		Initializing Workspace Manager
[CSE]		Initializing Dialogs
[CSE]		Initializing Render Window
[CSE]		Initializing GMST Default Copy
[CSE]		Initializing IdleAnim Tree
[CSE]		Initializing Archive Manager
[CSE]			Loaded DLCBattlehornCastle.bsa
[CSE]			Loaded DLCFrostcrag.bsa
[CSE]			Loaded DLCHorseArmor.bsa
[CSE]			Loaded DLCOrrery.bsa
[CSE]			Loaded DLCShiveringIsles - Meshes.bsa
[CSE]			Loaded DLCShiveringIsles - Sounds.bsa
[CSE]			Loaded DLCShiveringIsles - Textures.bsa
[CSE]			Loaded DLCShiveringIsles - Voices.bsa
[CSE]			Loaded DLCThievesDen.bsa
[CSE]			Loaded DLCVileLair.bsa
[CSE]			Loaded Knights.bsa
[CSE]		Initializing Change Log Manager
[CSE]			User Session Temp Path = C:\Users\JAMESJ~1\AppData\Local\Temp\
[CSE]		Initializing Panic Save Handler
[CSE]		Initializing Global Clipboard
[CSE]		Initializing Form Undo Stack
[CSE]		Initializing Startup Manager
[CSE]	Construction Set Extender Initialized!


[CS]	Model 'Architecture\Statue\StatueImperial04.NIF' for non-light object 'StatueImperial04' contains 2 lights.
[CS]	Model 'Architecture\Statue\StatueImperial05.NIF' for non-light object 'StatueImperial05' contains 2 lights.
[CS]	Editor ID 'aaTOPIC' (00083F53) is not unique, previous object (01003EEB) is type DIAL. Editor ID will be set to 'aaTOPICDUPLICATE000'.
[CS]	Editor ID 'a' (00083F53) is not unique, previous object (00052451) is type REFR. Editor ID will be set to 'aDUPLICATE000'.
[CS]	Script 'DefaultCompiler', line 1:
Item 'aaKillTopic' not found for parameter Topic.
Compiled script not saved!
[CS]	Script 'DefaultCompiler', line 1:
Script command "RemoveTopic" not found.


[CSE]	Deinitializing Construction Set Extender ...
[CSE]		Flushed CS INI Settings
[CSE]		Deinitializing Plugin Interface Manager
[CSE]		Deinitializing Render Window
[CSE]		Deinitializing Achievements Manager
[CSE]		Deinitializing Hall Of Fame
[CSE]		Deinitializing Tool Manager
[CSE]		Deinitializing Workspace Manager
[CSE]		Deinitializing Coda "Virtual Machine"
[CSE]		Deinitializing Global Clipboard
[CSE]		Deinitializing Form Undo Stack
[CSE]		Deinitializing Auxiliary Viewport
[CSE]		Deinitializing Script Editor
[SE]			Deinitializing IntelliSense
[CSE]		Deinitializing Change Log Manager
[CSE]		Deinitializing CSInterop Manager
[CSE]		Deinitializing Serialization
[CSE]		Deinitializing Events
[CSE]		Deinitializing UI Manager
[CSE]	Construction Set Extender Deinitialized!
